[2015.07.02-01.10.50:113][  0]Log file open, 07/01/15 21:10:50
[2015.07.02-01.10.50:113][  0]LogInit:Display: Running engine for game: BlankProject
[2015.07.02-01.10.50:113][  0]LogInit:Display: RandInit(-931039682) SRandInit(-931039681).
[2015.07.02-01.10.50:113][  0]LogTaskGraph: Started task graph with 4 named threads and 7 total threads.
[2015.07.02-01.10.50:113][  0]LogStats: Stats thread started
[2015.07.02-01.10.50:113][  0]LogInit: Version: 4.8.1-2591939+++depot+UE4-Releases+4.8
[2015.07.02-01.10.50:113][  0]LogInit: API Version: 2579680
[2015.07.02-01.10.50:113][  0]LogInit: Compiled (64-bit): Jun 18 2015 11:02:04
[2015.07.02-01.10.50:113][  0]LogInit: Compiled with Visual C++: 18.00.21005.01
[2015.07.02-01.10.50:113][  0]LogInit: Build Configuration: Development
[2015.07.02-01.10.50:113][  0]LogInit: Branch Name: ++depot+UE4-Releases+4.8
[2015.07.02-01.10.50:114][  0]LogInit: Command line:  
[2015.07.02-01.10.50:114][  0]LogInit: Base directory: C:/Program Files/Epic Games/4.8/Engine/Binaries/Win64/
[2015.07.02-01.10.50:114][  0]LogInit: Rocket: 1
[2015.07.02-01.10.50:143][  0]LogInit: Using libcurl 7.41.0
[2015.07.02-01.10.50:143][  0]LogInit:  - built for x86_64-pc-win32
[2015.07.02-01.10.50:143][  0]LogInit:  - supports SSL with WinSSL
[2015.07.02-01.10.50:143][  0]LogInit:  - other features:
[2015.07.02-01.10.50:143][  0]LogInit:      CURL_VERSION_SSL
[2015.07.02-01.10.50:143][  0]LogInit:      CURL_VERSION_IPV6
[2015.07.02-01.10.50:143][  0]LogInit:      CURL_VERSION_ASYNCHDNS
[2015.07.02-01.10.50:143][  0]LogInit:      CURL_VERSION_LARGEFILE
[2015.07.02-01.10.50:143][  0]LogInit:      CURL_VERSION_IDN
[2015.07.02-01.10.50:143][  0]LogInit:  CurlRequestOptions (configurable via config and command line):
[2015.07.02-01.10.50:143][  0]LogInit:  - bVerifyPeer = true  - Libcurl will verify peer certificate
[2015.07.02-01.10.50:143][  0]LogInit:  - bUseHttpProxy = false  - Libcurl will NOT use HTTP proxy
[2015.07.02-01.10.50:143][  0]LogInit:  - bDontReuseConnections = false  - Libcurl will reuse connections
[2015.07.02-01.10.50:143][  0]LogInit:  - CertBundlePath = nullptr  - Libcurl will use whatever was configured at build time.
[2015.07.02-01.10.50:173][  0]LogOnline:Warning: No default platform service specified for OnlineSubsystem
[2015.07.02-01.10.50:253][  0]LogInit: Presizing for 0 objects not considered by GC, pre-allocating 0 bytes.
[2015.07.02-01.10.50:271][  0]LogInit: Object subsystem initialized
[2015.07.02-01.10.50:273][  0]LogConsoleResponse:Warning: Skipping Unknown console variable: 'TranslucentSortAxis = (X=0.000000,Y=-1.000000,Z=0.000000)'
[2015.07.02-01.10.50:273][  0]LogConsoleResponse:Warning:   Found in ini file 'D:/SprintTrader/Trunk/Projects/UnrealEngine/BlankProject/Saved/Config/Windows/Engine.ini', in section '[/Script/Engine.RendererSettings]'
[2015.07.02-01.10.50:273][  0]LogConsoleResponse:Warning: Skipping Unknown console variable: 'UIScaleRule = ShortestSide'
[2015.07.02-01.10.50:273][  0]LogConsoleResponse:Warning:   Found in ini file 'D:/SprintTrader/Trunk/Projects/UnrealEngine/BlankProject/Saved/Config/Windows/Engine.ini', in section '[/Script/Engine.RendererSettings]'
[2015.07.02-01.10.50:273][  0]LogConsoleResponse:Warning: Skipping Unknown console variable: 'UIScaleCurve = (EditorCurveData=(Keys=),ExternalCurve=None)'
[2015.07.02-01.10.50:273][  0]LogConsoleResponse:Warning:   Found in ini file 'D:/SprintTrader/Trunk/Projects/UnrealEngine/BlankProject/Saved/Config/Windows/Engine.ini', in section '[/Script/Engine.RendererSettings]'
[2015.07.02-01.10.50:274][  0]LogInit: Selected Device Profile: [Windows]
[2015.07.02-01.10.50:274][  0]LogInit: Applying CVar settings loaded from the selected device profile: [Windows]
[2015.07.02-01.10.50:351][  0]LogInit: Computer: MANTICORE
[2015.07.02-01.10.50:351][  0]LogInit: User: AJ
[2015.07.02-01.10.50:351][  0]LogInit: CPU Page size=4096, Cores=4
[2015.07.02-01.10.50:351][  0]LogInit: High frequency timer resolution =1.554697 MHz
[2015.07.02-01.10.50:351][  0]LogMemory: Memory total: Physical=7.0GB (7GB approx)
[2015.07.02-01.10.50:351][  0]LogMemory: Platform Memory Stats for Windows
[2015.07.02-01.10.50:351][  0]LogMemory: Process Physical Memory: 47.73 MB used, 47.73 MB peak
[2015.07.02-01.10.50:351][  0]LogMemory: Process Virtual Memory: 22.22 MB used, 22.22 MB peak
[2015.07.02-01.10.50:351][  0]LogMemory: Physical Memory: 2582.71 MB used, 7159.18 MB total
[2015.07.02-01.10.50:351][  0]LogMemory: Virtual Memory: 295.59 MB used, 134217728.00 MB total
[2015.07.02-01.10.50:656][  0]LogTextLocalizationManager: The requested culture ('en_US') has no localization data; parent culture's ('en') localization data will be used.
[2015.07.02-01.10.51:244][  0]LogTextLocalizationManager:Warning: Loaded localization resources contain conflicting entries for (Namespace:ContentBrowser, Key:ImportAssetToolTip):
Localization Resource: (C:/Program Files/Epic Games/4.8/Engine/Content/Localization/Editor/en/Editor.locres) Source String Hash: (-630476809) Localized String: (Import to {0}...)
Localization Resource: (C:/Program Files/Epic Games/4.8/Engine/Content/Localization/Editor/en/Editor.locres) Source String Hash: (1271782899) Localized String: (Imports an asset from file to this folder.)
[2015.07.02-01.10.52:324][  0]LogD3D11RHI: Found D3D11 adapter 0: NVIDIA GeForce GTX 760 (Feature Level 11_0)
[2015.07.02-01.10.52:324][  0]LogD3D11RHI: Adapter has 1986MB of dedicated video memory, 0MB of dedicated system memory, and 2048MB of shared system memory, 1 output[s]
[2015.07.02-01.10.52:326][  0]LogD3D11RHI: Found D3D11 adapter 1: Microsoft Basic Render Driver (Feature Level 11_0)
[2015.07.02-01.10.52:326][  0]LogD3D11RHI: Adapter has 0MB of dedicated video memory, 0MB of dedicated system memory, and 256MB of shared system memory, 0 output[s]
[2015.07.02-01.10.52:326][  0]LogD3D11RHI: Chosen D3D11 Adapter Id = 0
[2015.07.02-01.10.52:331][  0]LogRHI: Texture pool is 1361 MB (70% of 1945 MB)
[2015.07.02-01.10.52:346][  0]LogD3D11RHI: Async texture creation enabled
[2015.07.02-01.10.52:367][  0]LogShaderCompilers:Display: Using Local Shader Compiler.
[2015.07.02-01.10.58:697][  0]LogTemp:Display: Loaded TP DesktopTargetPlatform
[2015.07.02-01.10.58:742][  0]LogTemp:Display: Loaded TP WindowsClientTargetPlatform
[2015.07.02-01.10.58:783][  0]LogTemp:Display: Loaded TP WindowsNoEditorTargetPlatform
[2015.07.02-01.10.58:823][  0]LogTemp:Display: Loaded TP WindowsServerTargetPlatform
[2015.07.02-01.10.58:864][  0]LogTemp:Display: Loaded TP WindowsTargetPlatform
[2015.07.02-01.10.58:893][  0]LogTemp:Display: Loaded TP AndroidTargetPlatform
[2015.07.02-01.10.58:923][  0]LogTemp:Display: Loaded TP Android_ASTCTargetPlatform
[2015.07.02-01.10.58:952][  0]LogTemp:Display: Loaded TP Android_ATCTargetPlatform
[2015.07.02-01.10.58:982][  0]LogTemp:Display: Loaded TP Android_DXTTargetPlatform
[2015.07.02-01.10.59:013][  0]LogTemp:Display: Loaded TP Android_ETC1TargetPlatform
[2015.07.02-01.10.59:043][  0]LogTemp:Display: Loaded TP Android_ETC2TargetPlatform
[2015.07.02-01.10.59:074][  0]LogTemp:Display: Loaded TP Android_PVRTCTargetPlatform
[2015.07.02-01.10.59:196][  0]LogTemp:Display: Loaded TP IOSTargetPlatform
[2015.07.02-01.10.59:224][  0]LogTemp:Display: Loaded TP LinuxNoEditorTargetPlatform
[2015.07.02-01.10.59:253][  0]LogTemp:Display: Loaded TP LinuxServerTargetPlatform
[2015.07.02-01.10.59:286][  0]LogTemp:Display: Loaded TP LinuxTargetPlatform
[2015.07.02-01.10.59:287][  0]LogTargetPlatformManager:Display: Building Assets For Windows
[2015.07.02-01.11.00:023][  0]LogDerivedDataCache:Display: Max Cache Size: 512 MB
[2015.07.02-01.11.01:331][  0]LogDerivedDataCache: Loaded boot cache 1.31s 55MB C:/Users/AJ/AppData/Local/UnrealEngine/4.8/DerivedDataCache/Boot.ddc.
[2015.07.02-01.11.01:331][  0]LogDerivedDataCache:Display: Loaded Boot cache: C:/Users/AJ/AppData/Local/UnrealEngine/4.8/DerivedDataCache/Boot.ddc
[2015.07.02-01.11.01:331][  0]LogDerivedDataCache: FDerivedDataBackendGraph:  Pak pak cache file D:/SprintTrader/Trunk/Projects/UnrealEngine/BlankProject/DerivedDataCache/DDC.ddp not found, will not use a pak cache.
[2015.07.02-01.11.01:331][  0]LogDerivedDataCache: Unable to find inner node Pak for hierarchical cache Hierarchy.
[2015.07.02-01.11.01:331][  0]LogDerivedDataCache: FDerivedDataBackendGraph:  CompressedPak pak cache file D:/SprintTrader/Trunk/Projects/UnrealEngine/BlankProject/DerivedDataCache/Compressed.ddp not found, will not use a pak cache.
[2015.07.02-01.11.01:331][  0]LogDerivedDataCache: Unable to find inner node CompressedPak for hierarchical cache Hierarchy.
[2015.07.02-01.11.01:740][  0]LogDerivedDataCache:Display: Pak cache opened for reading ../../../Engine/DerivedDataCache/Compressed.ddp.
[2015.07.02-01.11.01:752][  0]LogDerivedDataCache: Using Local data cache path C:/Users/AJ/AppData/Local/UnrealEngine/Common/DerivedDataCache: Writable
[2015.07.02-01.11.06:204][  0]LogInit: Selected Device Profile: [Windows]
[2015.07.02-01.11.06:393][  0]ImportText (ComponentSweepMultiTests): Missing closing parenthesis: (RootShapeAsset="/Engine/BasicShapes/Cube.Cube",ShapeType="TriggerCapsule",HitResult=(Time=0.50,Location=(X=-100.000015,Y=0.0,Z=100.000015),ImpactPoint=(X=-50.0,Y=0.0,Z=50.0),Normal=(X=-1.0,Y=-0.0,Z=0.0),ImpactNormal=(X=0.0,Y=0.0,Z=1.0),TraceStart=(X=-200.0,Y=0.0,Z=200.0),TraceEnd=(X=0.0,Y=0.0,Z=0.0))
[2015.07.02-01.11.06:394][  0]ImportText (LineTraceSingleByChannelTests): Missing closing parenthesis: (RootShapeAsset="/Engine/BasicShapes/Cube.Cube",HitResult=(Time=0.50,Location=(X=-100.000015,Y=0.0,Z=100.000015),ImpactPoint=(X=-50.0,Y=0.0,Z=50.0),Normal=(X=-1.0,Y=-0.0,Z=0.0),ImpactNormal=(X=0.0,Y=0.0,Z=1.0),TraceStart=(X=-200.0,Y=0.0,Z=200.0),TraceEnd=(X=0.0,Y=0.0,Z=0.0))
[2015.07.02-01.11.06:482][  0]LogMeshUtilities: No automatic mesh reduction module available
[2015.07.02-01.11.06:482][  0]LogMeshUtilities: No automatic mesh merging module available
[2015.07.02-01.11.07:380][  0]LogInit: WinSock: version 1.1 (2.2), MaxSocks=32767, MaxUdp=65467
[2015.07.02-01.11.19:866][  0]UdpMessaging: Initializing bridge on interface 0.0.0.0:0 to multicast group 230.0.0.1:6666.
[2015.07.02-01.11.21:017][  0]SourceControl: Info Source control is disabled
[2015.07.02-01.11.21:120][  0]SourceControl: Info Source control is disabled
[2015.07.02-01.11.21:173][  0]SourceControl: Info Source control is disabled
[2015.07.02-01.11.21:236][  0]SourceControl: Info Source control is disabled
[2015.07.02-01.11.22:046][  0]LogObj: 26273 objects as part of root set at end of initial load.
[2015.07.02-01.11.22:046][  0]LogUObjectAllocator: 5409256 out of 0 bytes used by permanent object pool.
[2015.07.02-01.11.22:310][  0]LogEngine: Initializing Engine...
[2015.07.02-01.11.22:314][  0]LogHMD: Can't find Oculus library dev build: is proper Runtime installed? Version: 0.6.0.0
[2015.07.02-01.11.22:333][  0]LogHMD:Warning: SteamVR failed to initialize.  Error: 110
[2015.07.02-01.11.22:695][  0]LogAIModule: Creating AISystem for world NewWorld
[2015.07.02-01.11.22:714][  0]LogInit: XAudio2 using 'HF255-4 (NVIDIA High Definition Audio)' : 2 channels at 48 kHz using 16 bits per sample (channel mask 0x3)
[2015.07.02-01.11.22:730][  0]LogInit: FAudioDevice initialized.
[2015.07.02-01.11.22:772][  0]LogDerivedDataCache: Saved boot cache 0.04s 53MB C:/Users/AJ/AppData/Local/UnrealEngine/4.8/DerivedDataCache/Boot.ddc.
[2015.07.02-01.11.22:785][  0]LogInit: Texture streaming: Disabled
[2015.07.02-01.11.22:844][  0]LogAnalytics: Creating configured Analytics provider AnalyticsET
[2015.07.02-01.11.22:844][  0]LogAnalytics: [UEEditor.Rocket.Release] APIServer = http://et2.epicgames.com/ET2/. AppVersion = 4.8.1-2591939+++depot+UE4-Releases+4.8
[2015.07.02-01.11.22:845][  0]LogAnalytics: [UEEditor.Rocket.Release] SetUserId 51174733427e2c3ad037639cf30648a0|33676db9597d43e2b4a3f90026682f61|4160c89b-549a-425f-8373-f5a44b869008
[2015.07.02-01.11.22:845][  0]LogAnalytics: [UEEditor.Rocket.Release] AnalyticsET::StartSession
[2015.07.02-01.11.22:930][  0]LogInit: Transaction tracking system initialized
[2015.07.02-01.11.23:440][  0]BlueprintLog: New page: Editor Load
[2015.07.02-01.11.23:507][  0]LogAssetRegistry: FAssetRegistry took 0.0108 seconds to start up
[2015.07.02-01.11.23:508][  0]LogDirectoryWatcher:Warning: Failed to begin reading directory changes for ../../../Engine/Plugins/Experimental/CharacterAI/Content/. Error: 0
[2015.07.02-01.11.28:806][  0]LogConsoleManager:Warning: Console variable 'r.VSync' wasn't set ('GameSetting' has a lower priority than 'SystemSettingsIni')
[2015.07.02-01.11.28:807][  0]LogConsoleResponse:Display: 
[2015.07.02-01.11.29:187][  0]LogCook:Display: Done creating registry. It took  0.00s.
[2015.07.02-01.11.30:250][  0]SourceControl: Info Source control is disabled
[2015.07.02-01.11.30:250][  0]Cmd: MAP LOAD FILE="D:/SprintTrader/Trunk/Projects/UnrealEngine/BlankProject/Content/StarterContent/Maps/Minimal_Default.umap" TEMPLATE=0 SHOWPROGRESS=1 FEATURELEVEL=3
[2015.07.02-01.11.30:267][  0]LightingResults: New page: Lighting Build
[2015.07.02-01.11.30:299][  0]MapCheck: New page: Map Check
[2015.07.02-01.11.30:299][  0]LightingResults: New page: Lighting Build
[2015.07.02-01.11.30:323][  0]LogParticles: Destroying 0 GPU particle simulations for FXSystem 0x000000D63C194B80
[2015.07.02-01.11.31:924][  0]LogAIModule: Creating AISystem for world Minimal_Default
[2015.07.02-01.11.31:938][  0]LogEditorServer: Finished looking for orphan Actors (0.000 secs)
[2015.07.02-01.11.31:994][  0]Cmd: MAP CHECKDEP NOCLEARLOG
[2015.07.02-01.11.32:086][  0]MapCheck: Info Map check complete: 0 Error(s), 0 Warning(s), took 91.879ms to complete.
[2015.07.02-01.11.32:086][  0]LogFileHelpers: Loading map 'Minimal_Default' took 1.837
[2015.07.02-01.11.32:298][  0]LogCollectionManager: Loaded 0 collections in 0.004451 seconds
[2015.07.02-01.11.32:314][  0]LogContentBrowser: Native class hierarchy populated in 0.0165 seconds. Added 1792 classes and 301 folders.
[2015.07.02-01.11.32:456][  0]LogContentBrowser: Native class hierarchy updated for 'WidgetCarousel' in 0.0007 seconds. Added 0 classes and 0 folders.
[2015.07.02-01.11.32:554][  0]LogContentBrowser: Native class hierarchy updated for 'AddContentDialog' in 0.0007 seconds. Added 0 classes and 0 folders.
[2015.07.02-01.11.32:590][  0]LogContentBrowser: Native class hierarchy updated for 'SceneOutliner' in 0.0007 seconds. Added 1 classes and 2 folders.
[2015.07.02-01.11.32:666][  0]LogCrashTracker: Crashtracker disabled due to settings.
[2015.07.02-01.11.32:672][  0]LogUObjectGlobals:Warning: Failed to find object 'Class None.'
[2015.07.02-01.11.32:694][  0]LogLoad: Full Startup: 47.00 seconds (BP compile: 0.61 seconds)
[2015.07.02-01.11.33:135][  0]LogContentStreaming: Texture pool size is 0.000000MB
[2015.07.02-01.11.33:224][  0]LogContentStreaming: Texture pool size now 1000 MB
[2015.07.02-01.11.33:472][  0]LogRenderer: Reallocating scene render targets to support 1208x584 (Frame:2).
[2015.07.02-01.11.36:923][ 11]LogAssetRegistry: Asset discovery search completed in 13.4263 seconds
[2015.07.02-01.11.48:022][ 48]LogEditorViewport: Clicking on Actor (LMB): BP_Sky_Sphere_C (BP_Sky_Sphere)
[2015.07.02-01.12.11:143][271]LogLinker:Warning: Asset '../../../Engine/Content/ArtTools/RenderToTexture/Macros/RenderToTextureMacros.uasset' has been saved with empty engine version. The asset will be loaded but may be incompatible.
[2015.07.02-01.12.11:358][271]LogLinker:Warning: Asset '../../../Engine/Content/ArtTools/RenderToTexture/Enums/RenderToTexture_Enum.uasset' has been saved with empty engine version. The asset will be loaded but may be incompatible.
[2015.07.02-01.13.21:924][362]LogRenderer: Reallocating scene render targets to support 1208x912 (Frame:1779).
[2015.07.02-01.16.01:146][675]LogPlayLevel: PIE:  No blueprints needed recompiling
[2015.07.02-01.16.01:189][675]PIE: New page: PIE session: Minimal_Default (Jul 1, 2015, 5:16:01 PM)
[2015.07.02-01.16.01:189][675]LogPlayLevel: Creating play world package: /Game/StarterContent/Maps/UEDPIE_0_Minimal_Default
[2015.07.02-01.16.01:202][675]LogPlayLevel: PIE: StaticDuplicateObject took: (0.012079s)
[2015.07.02-01.16.01:203][675]LogAIModule: Creating AISystem for world Minimal_Default
[2015.07.02-01.16.01:205][675]LogPlayLevel: PIE: World Init took: (0.002750s)
[2015.07.02-01.16.01:205][675]LogPlayLevel: PIE: Created PIE world by copying editor world from /Game/StarterContent/Maps/Minimal_Default.Minimal_Default to /Game/StarterContent/Maps/UEDPIE_0_Minimal_Default.Minimal_Default (0.015537s)
[2015.07.02-01.16.01:250][675]LogParticles: Destroying 0 GPU particle simulations for FXSystem 0x000000D64E77CE00
[2015.07.02-01.16.01:328][675]LogInit: XAudio2 using 'HF255-4 (NVIDIA High Definition Audio)' : 2 channels at 48 kHz using 16 bits per sample (channel mask 0x3)
[2015.07.02-01.16.01:335][675]LogInit: FAudioDevice initialized.
[2015.07.02-01.16.01:431][675]LogWorld: Game class is 'GameMode'
[2015.07.02-01.16.01:440][675]LogWorld: Bringing World /Game/StarterContent/Maps/UEDPIE_0_Minimal_Default.Minimal_Default up for play (max tick rate 0) at 2015.07.01-21.16.01
[2015.07.02-01.16.01:440][675]LogActor:Warning: GameSession /Game/StarterContent/Maps/UEDPIE_0_Minimal_Default.Minimal_Default:PersistentLevel.GameSession_0 has natively added scene component(s), but none of them were set as the actor's RootComponent - picking one arbitrarily
[2015.07.02-01.16.01:440][675]LogActor:Warning: GameNetworkManager /Game/StarterContent/Maps/UEDPIE_0_Minimal_Default.Minimal_Default:PersistentLevel.GameNetworkManager_0 has natively added scene component(s), but none of them were set as the actor's RootComponent - picking one arbitrarily
[2015.07.02-01.16.01:441][675]LogWorld: Bringing up level for play took: 0.006367
[2015.07.02-01.16.01:446][675]PIE: Info Play in editor start time for /Game/StarterContent/Maps/UEDPIE_0_Minimal_Default 0.481
[2015.07.02-01.17.25:446][989]LogParticles: Destroying 0 GPU particle simulations for FXSystem 0x000000D6658991C0
[2015.07.02-01.17.33:780][594]LogEditorViewport: Clicking on Actor (context menu): BP_Sky_Sphere_C (BP_Sky_Sphere)
[2015.07.02-01.18.06:377][655]LogEditorViewport: Clicking on Actor (LMB): BP_Sky_Sphere_C (BP_Sky_Sphere)
[2015.07.02-01.18.06:724][676]LogEditorViewport: Clicking on Actor (context menu): BP_Sky_Sphere_C (BP_Sky_Sphere)
[2015.07.02-01.20.09:358][795]LogRenderer: Reallocating scene render targets to support 1504x912 (Frame:29099).
[2015.07.02-01.20.19:492][192]LogEditorViewport: Clicking on Actor (context menu): BP_Sky_Sphere_C (BP_Sky_Sphere)
[2015.07.02-01.22.33:848][567]LightingResults: New page: Lighting Build
[2015.07.02-01.22.33:849][567]MapCheck: New page: Map Check
[2015.07.02-01.22.33:850][567]LightingResults: New page: Lighting Build
[2015.07.02-01.22.33:883][567]LogParticles: Destroying 0 GPU particle simulations for FXSystem 0x000000D64FC500E0
[2015.07.02-01.22.33:883][567]LogParticles: Destroying 0 GPU particle simulations for FXSystem 0x000000D633A64A40
[2015.07.02-01.22.33:980][567]LogAIModule: Creating AISystem for world NewWorld
[2015.07.02-01.22.34:020][567]LoadErrors: New page: New Map
[2015.07.02-01.22.42:505][439]LogActorFactory: Actor Factory created Sphere
[2015.07.02-01.22.43:206][504]LogActorFactory: Actor Factory created Sphere
[2015.07.02-01.22.44:018][558]LogEditorViewport: Clicking on Actor (context menu): StaticMeshActor (Sphere)
[2015.07.02-01.22.46:434][718]LogEditorViewport: Clicking on Actor (LMB): StaticMeshActor (Sphere)
[2015.07.02-01.23.25:379][529]LogEditorViewport: Clicking Background
[2015.07.02-01.23.27:039][700]LogEditorViewport: Clicking on Actor (LMB): PlayerStart (PlayerStart)
[2015.07.02-01.23.43:341][947]LogUnrealMath: Expression Error : No value recognized
[2015.07.02-01.23.43:341][947]LogUnrealMath: Expression Error : Error in expression
[2015.07.02-01.23.43:498][958]LogEditorViewport: Clicking on Actor (LMB): PlayerStart (PlayerStart)
[2015.07.02-01.23.43:498][958]LogNavigationPoint: PostEditMove Clear paths rebuilt
[2015.07.02-01.23.43:683][971]Cmd: CAMERA ALIGN ACTIVEVIEWPORTONLY
[2015.07.02-01.23.49:744][434]LogNavigationPoint: PostEditMove Clear paths rebuilt
[2015.07.02-01.23.53:611][716]LogNavigationPoint: PostEditMove Clear paths rebuilt
[2015.07.02-01.23.55:169][832]LogPlayLevel: PIE:  No blueprints needed recompiling
[2015.07.02-01.23.55:170][832]PIE: New page: PIE session: Untitled_1 (Jul 1, 2015, 5:23:55 PM)
[2015.07.02-01.23.55:170][832]LogPlayLevel: Creating play world package: /Temp/UEDPIE_0_Untitled_1
[2015.07.02-01.23.55:172][832]LogPlayLevel: PIE: StaticDuplicateObject took: (0.001216s)
[2015.07.02-01.23.55:173][832]LogAIModule: Creating AISystem for world NewWorld
[2015.07.02-01.23.55:173][832]LogPlayLevel: PIE: World Init took: (0.002127s)
[2015.07.02-01.23.55:173][832]LogPlayLevel: PIE: Created PIE world by copying editor world from /Temp/Untitled_1.NewWorld to /Temp/UEDPIE_0_Untitled_1.NewWorld (0.003634s)
[2015.07.02-01.23.55:240][832]LogInit: XAudio2 using 'HF255-4 (NVIDIA High Definition Audio)' : 2 channels at 48 kHz using 16 bits per sample (channel mask 0x3)
[2015.07.02-01.23.55:246][832]LogInit: FAudioDevice initialized.
[2015.07.02-01.23.55:291][832]LogWorld: Game class is 'GameMode'
[2015.07.02-01.23.55:297][832]LogWorld: Bringing World /Temp/UEDPIE_0_Untitled_1.NewWorld up for play (max tick rate 0) at 2015.07.01-21.23.55
[2015.07.02-01.23.55:297][832]LogActor:Warning: GameSession /Temp/UEDPIE_0_Untitled_1.NewWorld:PersistentLevel.GameSession_1 has natively added scene component(s), but none of them were set as the actor's RootComponent - picking one arbitrarily
[2015.07.02-01.23.55:298][832]LogActor:Warning: GameNetworkManager /Temp/UEDPIE_0_Untitled_1.NewWorld:PersistentLevel.GameNetworkManager_1 has natively added scene component(s), but none of them were set as the actor's RootComponent - picking one arbitrarily
[2015.07.02-01.23.55:298][832]LogWorld: Bringing up level for play took: 0.002658
[2015.07.02-01.23.55:301][832]PIE: Info Play in editor start time for /Temp/UEDPIE_0_Untitled_1 0.336
[2015.07.02-01.23.59:033][181]LogParticles: Destroying 0 GPU particle simulations for FXSystem 0x000000D665898E00
[2015.07.02-01.24.01:269][347]LogEditorViewport: Clicking on Actor (LMB): PlayerStart (PlayerStart)
[2015.07.02-01.24.01:449][360]Cmd: CAMERA ALIGN ACTIVEVIEWPORTONLY
[2015.07.02-01.24.02:652][446]LogEditorViewport: Clicking Background
[2015.07.02-01.24.04:010][581]LogEditorViewport: Clicking on Actor (LMB): PlayerStart (PlayerStart)
[2015.07.02-01.24.07:606][849]LogNavigationPoint: PostEditMove Clear paths rebuilt
[2015.07.02-01.24.07:941][874]Cmd: TRANSACTION UNDO
[2015.07.02-01.24.07:958][874]LogEditorTransaction: Undo Rotate Actors
[2015.07.02-01.24.08:470][904]Cmd: TRANSACTION UNDO
[2015.07.02-01.24.08:470][904]LogEditorTransaction: Undo Clicking on Actors
[2015.07.02-01.24.10:018][ 57]LogEditorViewport: Clicking on Actor (LMB): PlayerStart (PlayerStart)
[2015.07.02-01.24.14:750][407]LogEditorViewport: Clicking on Actor (LMB): StaticMeshActor (Sphere)
[2015.07.02-01.24.15:769][476]LogEditorViewport: Clicking Background
[2015.07.02-01.24.28:062][469]LogEditorViewport: Clicking on Actor (LMB): StaticMeshActor (Sphere)
[2015.07.02-01.24.28:467][494]Cmd: CAMERA ALIGN ACTIVEVIEWPORTONLY
[2015.07.02-01.24.31:848][725]LogPlayLevel: PIE:  No blueprints needed recompiling
[2015.07.02-01.24.31:849][725]PIE: New page: PIE session: Untitled_1 (Jul 1, 2015, 5:24:31 PM)
[2015.07.02-01.24.31:849][725]LogPlayLevel: Creating play world package: /Temp/UEDPIE_0_Untitled_1
[2015.07.02-01.24.31:851][725]LogPlayLevel: PIE: StaticDuplicateObject took: (0.001292s)
[2015.07.02-01.24.31:852][725]LogAIModule: Creating AISystem for world NewWorld
[2015.07.02-01.24.31:853][725]LogPlayLevel: PIE: World Init took: (0.002060s)
[2015.07.02-01.24.31:853][725]LogPlayLevel: PIE: Created PIE world by copying editor world from /Temp/Untitled_1.NewWorld to /Temp/UEDPIE_0_Untitled_1.NewWorld (0.003647s)
[2015.07.02-01.24.31:918][725]LogInit: XAudio2 using 'HF255-4 (NVIDIA High Definition Audio)' : 2 channels at 48 kHz using 16 bits per sample (channel mask 0x3)
[2015.07.02-01.24.31:924][725]LogInit: FAudioDevice initialized.
[2015.07.02-01.24.31:966][725]LogWorld: Game class is 'GameMode'
[2015.07.02-01.24.31:972][725]LogWorld: Bringing World /Temp/UEDPIE_0_Untitled_1.NewWorld up for play (max tick rate 0) at 2015.07.01-21.24.31
[2015.07.02-01.24.31:972][725]LogActor:Warning: GameSession /Temp/UEDPIE_0_Untitled_1.NewWorld:PersistentLevel.GameSession_2 has natively added scene component(s), but none of them were set as the actor's RootComponent - picking one arbitrarily
[2015.07.02-01.24.31:973][725]LogActor:Warning: GameNetworkManager /Temp/UEDPIE_0_Untitled_1.NewWorld:PersistentLevel.GameNetworkManager_2 has natively added scene component(s), but none of them were set as the actor's RootComponent - picking one arbitrarily
[2015.07.02-01.24.31:973][725]LogWorld: Bringing up level for play took: 0.003131
[2015.07.02-01.24.31:977][725]PIE: Info Play in editor start time for /Temp/UEDPIE_0_Untitled_1 1.012
[2015.07.02-01.24.35:458][ 71]Cmd: SELECT NONE
[2015.07.02-01.24.36:541][174]LogParticles: Destroying 0 GPU particle simulations for FXSystem 0x000000D62FDE07C0
[2015.07.02-01.24.39:096][353]MapCheck: New page: Map Check
[2015.07.02-01.24.39:136][353]Cmd: MAP REBUILD ALLVISIBLE
[2015.07.02-01.24.39:139][353]LogEditorServer: Rebuildmap Clear paths rebuilt
[2015.07.02-01.24.39:259][353]LightingResults: New page: Lighting Build - Jul 1, 2015, 5:24:39 PM
[2015.07.02-01.24.54:819][353]LogStaticLightingSystem:Warning: No importance volume found, so the scene bounding box was used.  You can optimize your scene's quality and lighting build times by adding importance volumes.
[2015.07.02-01.24.54:820][353]LogStaticLightingSystem: Running Lightmass w/ ImmediateImport mode ENABLED
[2015.07.02-01.24.54:820][353]LogStaticLightingSystem: Running Lightmass w/ ImmediateProcess mode ENABLED
[2015.07.02-01.24.54:820][353]LogStaticLightingSystem: Running Lightmass w/ Sorting mode ENABLED
[2015.07.02-01.24.54:820][353]LogStaticLightingSystem: Running Lightmass w/ Mapping paddings ENABLED
[2015.07.02-01.24.54:820][353]LogStaticLightingSystem: Running Lightmass w/ Mapping debug paddings DISABLED
[2015.07.02-01.24.55:537][353]LogEditorBuildUtils: Build time 0:00:16
[2015.07.02-01.24.55:562][353]LogMaterial: Missing cached shader map for material FLightmassMaterialRenderer BasicShapeMaterial, compiling. 
[2015.07.02-01.24.55:678][353]LogMaterial: Missing cached shader map for material FLightmassMaterialRenderer BasicShapeMaterial, compiling. 
[2015.07.02-01.24.55:780][354]LogMaterial: Missing cached shader map for material FLightmassMaterialRenderer WorldGridMaterial, compiling. Is special engine material.
[2015.07.02-01.24.55:807][354]LogMaterial: Missing cached shader map for material FLightmassMaterialRenderer WorldGridMaterial, compiling. Is special engine material.
[2015.07.02-01.25.01:548][440]Job is a success!
[2015.07.02-01.25.01:701][441]LogTexture:Display: Building textures: HQ_Lightmap0_1 (AutoDXT)
[2015.07.02-01.25.01:745][441]LogTexture:Display: Building textures: LQ_Lightmap_0_1 (DXT1)
[2015.07.02-01.25.01:764][441]LogTexture:Display: Building textures: ShadowMapTexture2D_0 (BGRA8)
[2015.07.02-01.25.07:556][441]Lightmass on MANTICORE: 1.26 sec total, 235 ms importing, 2 ms setup, 278 ms photons, 438 ms processing, 0 ms extra exporting [1/1 mappings]. Threads: 2.90 sec total, 116 ms processing.
[2015.07.02-01.25.07:697][441]LogStaticLightingSystem: Illumination: 28.3 sec (79 ms encoding lightmaps)
[2015.07.02-01.25.07:697][441]LogStaticLightingSystem: Lightmap texture memory:  0.0 MB (0.0 MB streaming, 0.0 MB non-streaming), 2 textures
[2015.07.02-01.25.07:697][441]LogStaticLightingSystem: Shadowmap texture memory: 0.0 MB (0.0 MB streaming, 0.0 MB non-streaming), 1 textures
[2015.07.02-01.25.07:832][442]Cmd: MAP CHECK NOTIFYRESULTS
[2015.07.02-01.25.07:832][442]MapCheck: New page: Untitled_1 - Jul 1, 2015, 5:25:07 PM
[2015.07.02-01.25.07:980][442]MapCheck: Info Map check complete: 0 Error(s), 0 Warning(s), took 148.016ms to complete.
[2015.07.02-01.25.20:182][349]Cmd: CAMERA ALIGN ACTIVEVIEWPORTONLY
[2015.07.02-01.25.27:455][870]LogEditorViewport: Clicking Background
[2015.07.02-01.25.28:464][972]LogEditorViewport: Clicking on Actor (LMB): PlayerStart (PlayerStart)
[2015.07.02-01.25.35:273][494]LogNavigationPoint: PostEditMove Clear paths rebuilt
[2015.07.02-01.25.36:690][599]LogPlayLevel: PIE:  No blueprints needed recompiling
[2015.07.02-01.25.36:690][599]PIE: New page: PIE session: Untitled_1 (Jul 1, 2015, 5:25:36 PM)
[2015.07.02-01.25.36:691][599]LogPlayLevel: Creating play world package: /Temp/UEDPIE_0_Untitled_1
[2015.07.02-01.25.36:693][599]LogPlayLevel: PIE: StaticDuplicateObject took: (0.001366s)
[2015.07.02-01.25.36:694][599]LogAIModule: Creating AISystem for world NewWorld
[2015.07.02-01.25.36:695][599]LogPlayLevel: PIE: World Init took: (0.002089s)
[2015.07.02-01.25.36:695][599]LogPlayLevel: PIE: Created PIE world by copying editor world from /Temp/Untitled_1.NewWorld to /Temp/UEDPIE_0_Untitled_1.NewWorld (0.003749s)
[2015.07.02-01.25.36:757][599]LogInit: XAudio2 using 'HF255-4 (NVIDIA High Definition Audio)' : 2 channels at 48 kHz using 16 bits per sample (channel mask 0x3)
[2015.07.02-01.25.36:763][599]LogInit: FAudioDevice initialized.
[2015.07.02-01.25.36:808][599]LogWorld: Game class is 'GameMode'
[2015.07.02-01.25.36:813][599]LogWorld: Bringing World /Temp/UEDPIE_0_Untitled_1.NewWorld up for play (max tick rate 0) at 2015.07.01-21.25.36
[2015.07.02-01.25.36:813][599]LogActor:Warning: GameSession /Temp/UEDPIE_0_Untitled_1.NewWorld:PersistentLevel.GameSession_3 has natively added scene component(s), but none of them were set as the actor's RootComponent - picking one arbitrarily
[2015.07.02-01.25.36:814][599]LogActor:Warning: GameNetworkManager /Temp/UEDPIE_0_Untitled_1.NewWorld:PersistentLevel.GameNetworkManager_3 has natively added scene component(s), but none of them were set as the actor's RootComponent - picking one arbitrarily
[2015.07.02-01.25.36:814][599]LogWorld: Bringing up level for play took: 0.003012
[2015.07.02-01.25.36:817][599]PIE: Info Play in editor start time for /Temp/UEDPIE_0_Untitled_1 -0.148
[2015.07.02-01.25.39:386][858]LogParticles: Destroying 0 GPU particle simulations for FXSystem 0x000000D6502823E0
[2015.07.02-01.25.54:897][ 41]LogActorFactory: Actor Factory created Cone
[2015.07.02-01.25.56:313][144]LogActorFactory: Actor Factory created Cone
[2015.07.02-01.26.06:393][842]LogEditorViewport: Clicking on Actor (LMB): StaticMeshActor (Sphere)
[2015.07.02-01.26.14:680][414]LogEditorViewport: Clicking Background
[2015.07.02-01.26.15:546][497]LogEditorViewport: Clicking on Actor (LMB): StaticMeshActor (Cone)
[2015.07.02-01.26.20:640][849]LogUnrealMath: Expression Error : Unrecognized Operator
[2015.07.02-01.26.27:010][302]LogEditorViewport: Clicking Background
[2015.07.02-01.26.27:936][391]LogEditorViewport: Clicking on Actor (LMB): StaticMeshActor (Sphere)
[2015.07.02-01.26.36:943][ 31]LogEditorViewport: Clicking Background
[2015.07.02-01.26.38:614][194]LogPlayLevel: PIE:  No blueprints needed recompiling
[2015.07.02-01.26.38:614][194]PIE: New page: PIE session: Untitled_1 (Jul 1, 2015, 5:26:38 PM)
[2015.07.02-01.26.38:614][194]LogPlayLevel: Creating play world package: /Temp/UEDPIE_0_Untitled_1
[2015.07.02-01.26.38:616][194]LogPlayLevel: PIE: StaticDuplicateObject took: (0.001464s)
[2015.07.02-01.26.38:617][194]LogAIModule: Creating AISystem for world NewWorld
[2015.07.02-01.26.38:618][194]LogPlayLevel: PIE: World Init took: (0.002126s)
[2015.07.02-01.26.38:618][194]LogPlayLevel: PIE: Created PIE world by copying editor world from /Temp/Untitled_1.NewWorld to /Temp/UEDPIE_0_Untitled_1.NewWorld (0.003881s)
[2015.07.02-01.26.38:682][194]LogInit: XAudio2 using 'HF255-4 (NVIDIA High Definition Audio)' : 2 channels at 48 kHz using 16 bits per sample (channel mask 0x3)
[2015.07.02-01.26.38:687][194]LogInit: FAudioDevice initialized.
[2015.07.02-01.26.38:734][194]LogWorld: Game class is 'GameMode'
[2015.07.02-01.26.38:740][194]LogWorld: Bringing World /Temp/UEDPIE_0_Untitled_1.NewWorld up for play (max tick rate 0) at 2015.07.01-21.26.38
[2015.07.02-01.26.38:740][194]LogActor:Warning: GameSession /Temp/UEDPIE_0_Untitled_1.NewWorld:PersistentLevel.GameSession_4 has natively added scene component(s), but none of them were set as the actor's RootComponent - picking one arbitrarily
[2015.07.02-01.26.38:741][194]LogActor:Warning: GameNetworkManager /Temp/UEDPIE_0_Untitled_1.NewWorld:PersistentLevel.GameNetworkManager_4 has natively added scene component(s), but none of them were set as the actor's RootComponent - picking one arbitrarily
[2015.07.02-01.26.38:741][194]LogWorld: Bringing up level for play took: 0.003291
[2015.07.02-01.26.38:746][194]PIE: Info Play in editor start time for /Temp/UEDPIE_0_Untitled_1 -0.22
[2015.07.02-01.26.40:142][320]LogParticles: Destroying 0 GPU particle simulations for FXSystem 0x000000D650191620
[2015.07.02-01.26.45:092][794]LogEditorViewport: Clicking on Actor (LMB): StaticMeshActor (Cone)
[2015.07.02-01.27.03:403][ 43]LogEditorViewport: Clicking Background
[2015.07.02-01.27.09:119][595]LogPlayLevel: PIE:  No blueprints needed recompiling
[2015.07.02-01.27.09:119][595]PIE: New page: PIE session: Untitled_1 (Jul 1, 2015, 5:27:09 PM)
[2015.07.02-01.27.09:120][595]LogPlayLevel: Creating play world package: /Temp/UEDPIE_0_Untitled_1
[2015.07.02-01.27.09:122][595]LogPlayLevel: PIE: StaticDuplicateObject took: (0.001452s)
[2015.07.02-01.27.09:123][595]LogAIModule: Creating AISystem for world NewWorld
[2015.07.02-01.27.09:124][595]LogPlayLevel: PIE: World Init took: (0.001967s)
[2015.07.02-01.27.09:124][595]LogPlayLevel: PIE: Created PIE world by copying editor world from /Temp/Untitled_1.NewWorld to /Temp/UEDPIE_0_Untitled_1.NewWorld (0.003705s)
[2015.07.02-01.27.09:186][595]LogInit: XAudio2 using 'HF255-4 (NVIDIA High Definition Audio)' : 2 channels at 48 kHz using 16 bits per sample (channel mask 0x3)
[2015.07.02-01.27.09:191][595]LogInit: FAudioDevice initialized.
[2015.07.02-01.27.09:234][595]LogWorld: Game class is 'GameMode'
[2015.07.02-01.27.09:240][595]LogWorld: Bringing World /Temp/UEDPIE_0_Untitled_1.NewWorld up for play (max tick rate 0) at 2015.07.01-21.27.09
[2015.07.02-01.27.09:240][595]LogActor:Warning: GameSession /Temp/UEDPIE_0_Untitled_1.NewWorld:PersistentLevel.GameSession_5 has natively added scene component(s), but none of them were set as the actor's RootComponent - picking one arbitrarily
[2015.07.02-01.27.09:241][595]LogActor:Warning: GameNetworkManager /Temp/UEDPIE_0_Untitled_1.NewWorld:PersistentLevel.GameNetworkManager_5 has natively added scene component(s), but none of them were set as the actor's RootComponent - picking one arbitrarily
[2015.07.02-01.27.09:241][595]LogWorld: Bringing up level for play took: 0.003239
[2015.07.02-01.27.09:245][595]PIE: Info Play in editor start time for /Temp/UEDPIE_0_Untitled_1 0.28
[2015.07.02-01.27.11:820][828]LogParticles: Destroying 0 GPU particle simulations for FXSystem 0x000000D64ADE5300
[2015.07.02-01.27.16:911][320]LogEditorViewport: Clicking on Actor (LMB): StaticMeshActor (Cone)
[2015.07.02-01.27.17:775][376]LogEditorViewport: Clicking Background
[2015.07.02-01.27.49:427][839]Cmd: DELETE
[2015.07.02-01.27.49:427][839]Cmd: ACTOR DELETE
[2015.07.02-01.27.49:428][839]LogEditorActor: Deleted Actor: Actor
[2015.07.02-01.27.49:494][839]LogEditorActor: Deleted 1 Actors (0.068 secs)
[2015.07.02-01.28.18:115][720]LogEditorViewport: Clicking on Actor (LMB): StaticMeshActor (Cone)
[2015.07.02-01.28.20:456][881]LogEditorViewport: Clicking on Actor (LMB): PlayerStart (PlayerStart)
[2015.07.02-01.28.34:729][841]LogEditorViewport: Clicking on Actor (LMB): StaticMeshActor (Cone)
[2015.07.02-01.28.37:375][ 24]LogNavigationPoint: PostEditMove Clear paths rebuilt
[2015.07.02-01.28.38:759][132]LogEditorViewport: Clicking on Actor (context menu): StaticMeshActor (Cone)
[2015.07.02-01.28.51:495][ 17]LogEditorViewport: Clicking Background
[2015.07.02-01.28.52:336][ 98]LogEditorViewport: Clicking on Actor (LMB): StaticMeshActor (Cone)
[2015.07.02-01.28.53:105][146]LogEditorViewport: Clicking on Actor (context menu): StaticMeshActor (Cone)
[2015.07.02-01.28.53:953][197]LogEditorViewport: Clicking on Actor (context menu): StaticMeshActor (Cone)
[2015.07.02-01.28.58:161][453]LogEditorViewport: Clicking Background
[2015.07.02-01.28.59:002][533]LogEditorViewport: Clicking on Actor (LMB): PlayerStart (PlayerStart)
[2015.07.02-01.29.02:732][807]LogPlayLevel: PIE:  No blueprints needed recompiling
[2015.07.02-01.29.02:732][807]PIE: New page: PIE session: Untitled_1 (Jul 1, 2015, 5:29:02 PM)
[2015.07.02-01.29.02:732][807]LogPlayLevel: Creating play world package: /Temp/UEDPIE_0_Untitled_1
[2015.07.02-01.29.02:734][807]LogPlayLevel: PIE: StaticDuplicateObject took: (0.001536s)
[2015.07.02-01.29.02:735][807]LogAIModule: Creating AISystem for world NewWorld
[2015.07.02-01.29.02:736][807]LogPlayLevel: PIE: World Init took: (0.002061s)
[2015.07.02-01.29.02:736][807]LogPlayLevel: PIE: Created PIE world by copying editor world from /Temp/Untitled_1.NewWorld to /Temp/UEDPIE_0_Untitled_1.NewWorld (0.003904s)
[2015.07.02-01.29.02:799][807]LogInit: XAudio2 using 'HF255-4 (NVIDIA High Definition Audio)' : 2 channels at 48 kHz using 16 bits per sample (channel mask 0x3)
[2015.07.02-01.29.02:805][807]LogInit: FAudioDevice initialized.
[2015.07.02-01.29.02:850][807]LogWorld: Game class is 'GameMode'
[2015.07.02-01.29.02:856][807]LogWorld: Bringing World /Temp/UEDPIE_0_Untitled_1.NewWorld up for play (max tick rate 0) at 2015.07.01-21.29.02
[2015.07.02-01.29.02:856][807]LogActor:Warning: GameSession /Temp/UEDPIE_0_Untitled_1.NewWorld:PersistentLevel.GameSession_6 has natively added scene component(s), but none of them were set as the actor's RootComponent - picking one arbitrarily
[2015.07.02-01.29.02:857][807]LogActor:Warning: GameNetworkManager /Temp/UEDPIE_0_Untitled_1.NewWorld:PersistentLevel.GameNetworkManager_6 has natively added scene component(s), but none of them were set as the actor's RootComponent - picking one arbitrarily
[2015.07.02-01.29.02:857][807]LogWorld: Bringing up level for play took: 0.003287
[2015.07.02-01.29.02:860][807]PIE: Info Play in editor start time for /Temp/UEDPIE_0_Untitled_1 -0.105
[2015.07.02-01.29.07:294][218]LogParticles: Destroying 0 GPU particle simulations for FXSystem 0x000000D6502CD8A0
[2015.07.02-01.29.33:610][ 17]LogEditorViewport: Clicking on Actor (context menu): PlayerStart (PlayerStart)
[2015.07.02-01.29.49:502][ 47]LogEditorViewport: Clicking on Actor (LMB): PlayerStart (PlayerStart)
[2015.07.02-01.29.49:547][ 48]LogEditorViewport: Clicking on Component (LMB): CapsuleComponent (CollisionCapsule)
[2015.07.02-01.29.51:325][166]LogEditorViewport: Clicking on Component (LMB): CapsuleComponent (CollisionCapsule)
[2015.07.02-01.29.51:377][168]LogEditorViewport: Clicking on Actor (double click): PlayerStart (PlayerStart)
[2015.07.02-01.29.52:569][255]LogEditorViewport: Clicking on Actor (context menu): PlayerStart (PlayerStart)
[2015.07.02-01.29.56:539][507]LogEditorViewport: Clicking Background
[2015.07.02-01.29.57:701][620]LogEditorViewport: Clicking on Actor (LMB): PlayerStart (PlayerStart)
[2015.07.02-01.30.11:731][601]LogEditorViewport: Clicking on Actor (context menu): PlayerStart (PlayerStart)
[2015.07.02-01.30.20:433][176]LogEditorViewport: Clicking on Actor (context menu): StaticMeshActor (Sphere)
[2015.07.02-01.30.22:615][309]LogEditorViewport: Clicking Background
[2015.07.02-01.30.23:486][392]LogEditorViewport: Clicking on Actor (context menu): PlayerStart (PlayerStart)
[2015.07.02-01.30.59:921][792]LogEditorViewport: Clicking Background
[2015.07.02-01.31.00:958][892]LogEditorViewport: Clicking on Actor (LMB): PlayerStart (PlayerStart)
[2015.07.02-01.31.01:031][894]LogEditorViewport: Clicking on Component (LMB): CapsuleComponent (CollisionCapsule)
[2015.07.02-01.31.02:451][988]LogEditorViewport: Clicking on Component (LMB): CapsuleComponent (CollisionCapsule)
[2015.07.02-01.32.58:420][ 75]Cmd: OBJ SAVEPACKAGE PACKAGE="/Temp/Untitled_1" FILE="D:/SprintTrader/Trunk/Projects/UnrealEngine/BlankProject/Saved/Autosaves/Temp/Untitled_1_Auto1.umap" SILENT=true AUTOSAVING=true KEEPDIRTY=false
[2015.07.02-01.32.58:477][ 75]LogSavePackage: Save=56.530628ms
[2015.07.02-01.32.58:477][ 75]LogSavePackage: Moving 'D:/SprintTrader/Trunk/Projects/UnrealEngine/BlankProject/Saved/Untitled_1_Auto1DE4B4086416B842F2086B580F8EF4348.tmp' to 'D:/SprintTrader/Trunk/Projects/UnrealEngine/BlankProject/Saved/Autosaves/Temp/Untitled_1_Auto1.umap'
[2015.07.02-01.32.58:486][ 75]LogFileHelpers: Editor autosave (incl. sublevels) for '/Temp/Untitled_1' took 0.121
[2015.07.02-01.32.58:486][ 75]LogFileHelpers: Editor autosave (incl. sublevels) for all levels took 0.121
[2015.07.02-01.49.46:356][924]LogEditorViewport: Clicking on Actor (LMB): StaticMeshActor (Cone)
[2015.07.02-01.50.11:291][668]LogEditorViewport: Clicking Background
[2015.07.02-01.50.12:749][814]LogEditorViewport: Clicking on Actor (LMB): DirectionalLight (DirectionalLight)
[2015.07.02-02.02.24:569][410]Cmd: OBJ SAVEPACKAGE PACKAGE="/Game/ExperimentalSpace" FILE="D:/SprintTrader/Trunk/Projects/UnrealEngine/BlankProject/Content/ExperimentalSpace.umap" SILENT=true AUTOSAVING=false KEEPDIRTY=false
[2015.07.02-02.02.24:652][410]LogSavePackage: Save=27.474163ms
[2015.07.02-02.02.24:652][410]LogSavePackage: Moving 'D:/SprintTrader/Trunk/Projects/UnrealEngine/BlankProject/Saved/ExperimentalSpaceBA5966B0484217347F7D7D9F58C4668D.tmp' to 'D:/SprintTrader/Trunk/Projects/UnrealEngine/BlankProject/Content/ExperimentalSpace.umap'
[2015.07.02-02.02.24:689][410]LogFileHelpers: Saving map 'ExperimentalSpace' took 1.875
[2015.07.02-02.07.43:620][290]Cmd: QUIT_EDITOR
[2015.07.02-02.07.44:451][290]LogWindowsTextInputMethodSystem:Display: IME system now deactivated.
[2015.07.02-02.07.44:750][290]LogExit: Preparing to exit.
[2015.07.02-02.07.45:596][290]LogExit: Editor shut down
[2015.07.02-02.07.45:596][290]LogExit: Transaction tracking system shut down
[2015.07.02-02.07.45:599][290]LogParticles: Destroying 0 GPU particle simulations for FXSystem 0x000000D64E60B9C0
[2015.07.02-02.07.45:605][290]LogParticles: Destroying 0 GPU particle simulations for FXSystem 0x000000D66D6256C0
[2015.07.02-02.07.45:606][290]LogParticles: Destroying 0 GPU particle simulations for FXSystem 0x000000D66E4D7BA0
[2015.07.02-02.07.47:178][290]LogParticles: Destroying 0 GPU particle simulations for FXSystem 0x000000D64AD4AFC0
[2015.07.02-02.07.47:178][290]LogParticles: Destroying 0 GPU particle simulations for FXSystem 0x000000D6323172E0
[2015.07.02-02.07.47:178][290]LogExit: Object subsystem successfully closed.
[2015.07.02-02.07.47:660][290]LogModuleManager: Shutting down and abandoning module NewLevelDialog (189)
[2015.07.02-02.07.47:660][290]LogModuleManager: Shutting down and abandoning module CrashTracker (188)
[2015.07.02-02.07.47:660][290]LogModuleManager: Shutting down and abandoning module SceneOutliner (187)
[2015.07.02-02.07.47:660][290]LogModuleManager: Shutting down and abandoning module SuperSearch (186)
[2015.07.02-02.07.47:660][290]LogModuleManager: Shutting down and abandoning module WidgetCarousel (185)
[2015.07.02-02.07.47:670][290]LogModuleManager: Shutting down and abandoning module AddContentDialog (184)
[2015.07.02-02.07.47:672][290]LogModuleManager: Shutting down and abandoning module EditorWidgets (183)
[2015.07.02-02.07.47:672][290]LogModuleManager: Shutting down and abandoning module CollectionManager (182)
[2015.07.02-02.07.47:673][290]LogModuleManager: Shutting down and abandoning module StatsViewer (181)
[2015.07.02-02.07.47:687][290]LogModuleManager: Shutting down and abandoning module FoliageEdit (180)
[2015.07.02-02.07.47:698][290]LogModuleManager: Shutting down and abandoning module LandscapeEditor (179)
[2015.07.02-02.07.47:711][290]LogModuleManager: Shutting down and abandoning module ActorPickerMode (178)
[2015.07.02-02.07.47:711][290]LogModuleManager: Shutting down and abandoning module GeometryMode (177)
[2015.07.02-02.07.47:711][290]LogModuleManager: Shutting down and abandoning module TextureAlignMode (176)
[2015.07.02-02.07.47:711][290]LogModuleManager: Shutting down and abandoning module BspMode (175)
[2015.07.02-02.07.47:712][290]LogModuleManager: Shutting down and abandoning module PlacementMode (174)
[2015.07.02-02.07.47:727][290]LogModuleManager: Shutting down and abandoning module AutomationWorker (173)
[2015.07.02-02.07.47:727][290]LogModuleManager: Shutting down and abandoning module CharacterAI (172)
[2015.07.02-02.07.47:727][290]LogModuleManager: Shutting down and abandoning module SmartSnapping (171)
[2015.07.02-02.07.47:727][290]LogModuleManager: Shutting down and abandoning module ViewportSnapping (170)
[2015.07.02-02.07.47:727][290]LogModuleManager: Shutting down and abandoning module LogVisualizer (169)
[2015.07.02-02.07.47:753][290]LogModuleManager: Shutting down and abandoning module GameProjectGeneration (168)
[2015.07.02-02.07.47:768][290]LogModuleManager: Shutting down and abandoning module IntroTutorials (167)
[2015.07.02-02.07.47:796][290]LogModuleManager: Shutting down and abandoning module EditorLiveStreaming (166)
[2015.07.02-02.07.47:796][290]LogModuleManager: Shutting down and abandoning module IOSPlatformEditor (165)
[2015.07.02-02.07.47:818][290]LogModuleManager: Shutting down and abandoning module HTML5PlatformEditor (164)
[2015.07.02-02.07.47:819][290]LogModuleManager: Shutting down and abandoning module AndroidDeviceDetection (163)
[2015.07.02-02.07.47:966][290]LogModuleManager: Shutting down and abandoning module AndroidPlatformEditor (162)
[2015.07.02-02.07.47:966][290]LogModuleManager: Shutting down and abandoning module IOSRuntimeSettings (161)
[2015.07.02-02.07.47:966][290]LogModuleManager: Shutting down and abandoning module AndroidRuntimeSettings (160)
[2015.07.02-02.07.47:966][290]LogModuleManager: Shutting down and abandoning module MergeActors (159)
[2015.07.02-02.07.47:979][290]LogModuleManager: Shutting down and abandoning module SizeMap (158)
[2015.07.02-02.07.47:979][290]LogModuleManager: Shutting down and abandoning module TreeMap (157)
[2015.07.02-02.07.47:990][290]LogModuleManager: Shutting down and abandoning module ReferenceViewer (156)
[2015.07.02-02.07.47:990][290]LogModuleManager: Shutting down and abandoning module LocalizationDashboard (155)
[2015.07.02-02.07.48:005][290]LogModuleManager: Shutting down and abandoning module HardwareTargeting (154)
[2015.07.02-02.07.48:005][290]LogModuleManager: Shutting down and abandoning module DeviceProfileEditor (153)
[2015.07.02-02.07.48:021][290]LogModuleManager: Shutting down and abandoning module UndoHistory (152)
[2015.07.02-02.07.48:021][290]LogModuleManager: Shutting down and abandoning module GameplayTagsEditor (151)
[2015.07.02-02.07.48:029][290]LogModuleManager: Shutting down and abandoning module UserFeedback (150)
[2015.07.02-02.07.48:029][290]LogModuleManager: Shutting down and abandoning module XmlParser (149)
[2015.07.02-02.07.48:029][290]LogModuleManager: Shutting down and abandoning module Blutility (148)
[2015.07.02-02.07.48:029][290]LogModuleManager: Shutting down and abandoning module ProjectTargetPlatformEditor (147)
[2015.07.02-02.07.48:029][290]LogModuleManager: Shutting down and abandoning module ProjectSettingsViewer (146)
[2015.07.02-02.07.48:029][290]LogModuleManager: Shutting down and abandoning module InputBindingEditor (145)
[2015.07.02-02.07.48:063][290]LogModuleManager: Shutting down and abandoning module EditorSettingsViewer (144)
[2015.07.02-02.07.48:063][290]LogModuleManager: Shutting down and abandoning module SettingsEditor (143)
[2015.07.02-02.07.48:106][290]LogModuleManager: Shutting down and abandoning module ProjectLauncher (142)
[2015.07.02-02.07.48:124][290]LogModuleManager: Shutting down and abandoning module SessionFrontend (141)
[2015.07.02-02.07.48:127][290]LogModuleManager: Shutting down and abandoning module ProfilerClient (140)
[2015.07.02-02.07.48:141][290]LogModuleManager: Shutting down and abandoning module TargetDeviceServices (139)
[2015.07.02-02.07.48:141][290]LogModuleManager: Shutting down and abandoning module DeviceManager (138)
[2015.07.02-02.07.48:157][290]LogModuleManager: Shutting down and abandoning module AutomationController (137)
[2015.07.02-02.07.48:171][290]LogModuleManager: Shutting down and abandoning module AutomationWindow (136)
[2015.07.02-02.07.48:187][290]LogModuleManager: Shutting down and abandoning module Layers (135)
[2015.07.02-02.07.48:215][290]LogModuleManager: Shutting down and abandoning module ComponentVisualizers (134)
[2015.07.02-02.07.48:215][290]LogModuleManager: Shutting down and abandoning module DetailCustomizations (133)
[2015.07.02-02.07.48:215][290]LogModuleManager: Shutting down and abandoning module PackagesDialog (132)
[2015.07.02-02.07.48:216][290]LogModuleManager: Shutting down and abandoning module AssetRegistry (131)
[2015.07.02-02.07.48:308][290]LogModuleManager: Shutting down and abandoning module Persona (130)
[2015.07.02-02.07.48:351][290]LogModuleManager: Shutting down and abandoning module Kismet (129)
[2015.07.02-02.07.48:351][290]LogModuleManager: Shutting down and abandoning module GraphEditor (128)
[2015.07.02-02.07.48:351][290]LogModuleManager: Shutting down and abandoning module ClassViewer (127)
[2015.07.02-02.07.48:363][290]LogModuleManager: Shutting down and abandoning module Toolbox (126)
[2015.07.02-02.07.48:363][290]LogModuleManager: Shutting down and abandoning module ModuleUI (125)
[2015.07.02-02.07.48:373][290]LogModuleManager: Shutting down and abandoning module MovieSceneTools (124)
[2015.07.02-02.07.48:398][290]LogModuleManager: Shutting down and abandoning module OutputLog (123)
[2015.07.02-02.07.48:399][290]LogModuleManager: Shutting down and abandoning module GammaUI (122)
[2015.07.02-02.07.48:412][290]LogModuleManager: Shutting down and abandoning module Documentation (121)
[2015.07.02-02.07.48:412][290]LogModuleManager: Shutting down and abandoning module GameLiveStreaming (120)
[2015.07.02-02.07.48:427][290]LogModuleManager: Shutting down and abandoning module StreamingPauseRendering (119)
[2015.07.02-02.07.48:427][290]LogModuleManager: Shutting down and abandoning module AnalyticsET (118)
[2015.07.02-02.07.48:427][290]LogModuleManager: Shutting down and abandoning module Analytics (117)
[2015.07.02-02.07.48:427][290]LogModuleManager: Shutting down and abandoning module AITestSuite (116)
[2015.07.02-02.07.48:432][290]LogModuleManager: Shutting down and abandoning module GameplayDebugger (115)
[2015.07.02-02.07.48:432][290]LogModuleManager: Shutting down and abandoning module AIModule (114)
[2015.07.02-02.07.48:432][290]LogModuleManager: Shutting down and abandoning module ProfilerService (113)
[2015.07.02-02.07.48:644][290]LogModuleManager: Shutting down and abandoning module TaskGraph (112)
[2015.07.02-02.07.48:658][290]LogModuleManager: Shutting down and abandoning module SlateRemote (111)
[2015.07.02-02.07.48:658][290]LogModuleManager: Shutting down and abandoning module SteamVRController (110)
[2015.07.02-02.07.48:658][290]LogModuleManager: Shutting down and abandoning module SteamVR (109)
[2015.07.02-02.07.48:658][290]LogModuleManager: Shutting down and abandoning module ProceduralMeshComponent (108)
[2015.07.02-02.07.48:658][290]LogModuleManager: Shutting down and abandoning module OculusRift (107)
[2015.07.02-02.07.48:658][290]LogModuleManager: Shutting down and abandoning module LeapMotionController (106)
[2015.07.02-02.07.48:700][290]LogModuleManager: Shutting down and abandoning module CustomMeshComponent (105)
[2015.07.02-02.07.48:700][290]LogModuleManager: Shutting down and abandoning module CableComponent (104)
[2015.07.02-02.07.48:708][290]LogModuleManager: Shutting down and abandoning module MessagingDebugger (103)
[2015.07.02-02.07.48:722][290]LogModuleManager: Shutting down and abandoning module MediaPlayerEditor (102)
[2015.07.02-02.07.48:740][290]LogModuleManager: Shutting down and abandoning module SpeedTreeImporter (101)
[2015.07.02-02.07.48:740][290]LogModuleManager: Shutting down and abandoning module PluginBrowser (100)
[2015.07.02-02.07.48:748][290]LogModuleManager: Shutting down and abandoning module EpicSurvey (99)
[2015.07.02-02.07.48:766][290]LogModuleManager: Shutting down and abandoning module DesktopPlatform (98)
[2015.07.02-02.07.48:783][290]LogModuleManager: Shutting down and abandoning module VisualStudioSourceCodeAccess (97)
[2015.07.02-02.07.48:791][290]LogModuleManager: Shutting down and abandoning module UObjectPlugin (96)
[2015.07.02-02.07.48:791][290]LogModuleManager: Shutting down and abandoning module SubversionSourceControl (95)
[2015.07.02-02.07.48:804][290]LogModuleManager: Shutting down and abandoning module PerforceSourceControl (94)
[2015.07.02-02.07.48:830][290]LogModuleManager: Shutting down and abandoning module SourceControl (93)
[2015.07.02-02.07.48:838][290]LogModuleManager: Shutting down and abandoning module GitSourceControl (92)
[2015.07.02-02.07.48:853][290]LogModuleManager: Shutting down and abandoning module BlankPlugin (91)
[2015.07.02-02.07.48:853][290]LogModuleManager: Shutting down and abandoning module PaperTiledImporter (90)
[2015.07.02-02.07.48:853][290]LogModuleManager: Shutting down and abandoning module PaperSpriteSheetImporter (89)
[2015.07.02-02.07.48:853][290]LogModuleManager: Shutting down and abandoning module MeshPaint (88)
[2015.07.02-02.07.48:872][290]LogModuleManager: Shutting down and abandoning module SlateReflector (87)
[2015.07.02-02.07.48:883][290]LogModuleManager: Shutting down and abandoning module DirectoryWatcher (86)
[2015.07.02-02.07.48:885][290]LogModuleManager: Shutting down and abandoning module HotReload (85)
[2015.07.02-02.07.48:886][290]LogModuleManager: Shutting down and abandoning module MainFrame (84)
[2015.07.02-02.07.48:886][290]LogModuleManager: Shutting down and abandoning module LevelEditor (83)
[2015.07.02-02.07.48:912][290]LogModuleManager: Shutting down and abandoning module ContentBrowser (82)
[2015.07.02-02.07.48:913][290]LogModuleManager: Shutting down and abandoning module Paper2DEditor (81)
[2015.07.02-02.07.48:935][290]LogModuleManager: Shutting down and abandoning module UdpMessaging (80)
[2015.07.02-02.07.49:037][290]LogModuleManager: Shutting down and abandoning module Paper2D (79)
[2015.07.02-02.07.49:070][290]LogModuleManager: Shutting down and abandoning module WindowsMoviePlayer (78)
[2015.07.02-02.07.49:082][290]LogModuleManager: Shutting down and abandoning module Media (77)
[2015.07.02-02.07.49:082][290]LogModuleManager: Shutting down and abandoning module WmfMedia (76)
[2015.07.02-02.07.49:092][290]LogModuleManager: Shutting down and abandoning module OnlineBlueprintSupport (75)
[2015.07.02-02.07.49:092][290]LogModuleManager: Shutting down and abandoning module PropertyEditor (74)
[2015.07.02-02.07.49:092][290]LogModuleManager: Shutting down and abandoning module BehaviorTreeEditor (73)
[2015.07.02-02.07.49:111][290]LogModuleManager: Shutting down and abandoning module FunctionalTesting (72)
[2015.07.02-02.07.49:125][290]LogModuleManager: Shutting down and abandoning module CollisionAnalyzer (71)
[2015.07.02-02.07.49:142][290]LogModuleManager: Shutting down and abandoning module WorkspaceMenuStructure (70)
[2015.07.02-02.07.49:143][290]LogModuleManager: Shutting down and abandoning module MessageLog (69)
[2015.07.02-02.07.49:143][290]LogModuleManager: Shutting down and abandoning module Sequencer (68)
[2015.07.02-02.07.49:160][290]LogModuleManager: Shutting down and abandoning module AssetTools (67)
[2015.07.02-02.07.49:173][290]LogModuleManager: Shutting down and abandoning module UMGEditor (66)
[2015.07.02-02.07.49:186][290]LogModuleManager: Shutting down and abandoning module UMG (65)
[2015.07.02-02.07.49:202][290]LogModuleManager: Shutting down and abandoning module Slate (64)
[2015.07.02-02.07.49:202][290]LogModuleManager: Shutting down and abandoning module EditorStyle (63)
[2015.07.02-02.07.49:206][290]LogModuleManager: Shutting down and abandoning module SessionServices (62)
[2015.07.02-02.07.49:206][290]LogModuleManager: Shutting down and abandoning module SourceCodeAccess (61)
[2015.07.02-02.07.49:206][290]LogModuleManager: Shutting down and abandoning module HeadMountedDisplay (60)
[2015.07.02-02.07.49:206][290]LogModuleManager: Shutting down and abandoning module XAudio2 (59)
[2015.07.02-02.07.49:206][290]LogModuleManager: Shutting down and abandoning module Networking (57)
[2015.07.02-02.07.49:206][290]LogModuleManager: Shutting down and abandoning module Core (56)
[2015.07.02-02.07.49:206][290]LogModuleManager: Shutting down and abandoning module KismetCompiler (55)
[2015.07.02-02.07.49:221][290]LogModuleManager: Shutting down and abandoning module PhysXFormats (54)
[2015.07.02-02.07.49:221][290]LogModuleManager: Shutting down and abandoning module MeshUtilities (53)
[2015.07.02-02.07.49:240][290]LogModuleManager: Shutting down and abandoning module DerivedDataCache (52)
[2015.07.02-02.07.49:308][290]LogDerivedDataCache: Shutdown
[2015.07.02-02.07.49:308][290]LogModuleManager: Shutting down and abandoning module ShaderFormatOpenGL (51)
[2015.07.02-02.07.49:321][290]LogModuleManager: Shutting down and abandoning module ShaderFormatD3D (50)
[2015.07.02-02.07.49:330][290]LogModuleManager: Shutting down and abandoning module MetalShaderFormat (49)
[2015.07.02-02.07.49:356][290]LogModuleManager: Shutting down and abandoning module TextureFormatUncompressed (48)
[2015.07.02-02.07.49:356][290]LogModuleManager: Shutting down and abandoning module TextureFormatPVR (47)
[2015.07.02-02.07.49:356][290]LogModuleManager: Shutting down and abandoning module TextureFormatIntelISPCTexComp (46)
[2015.07.02-02.07.49:372][290]LogModuleManager: Shutting down and abandoning module TextureFormatDXT (45)
[2015.07.02-02.07.49:372][290]LogModuleManager: Shutting down and abandoning module ImageWrapper (44)
[2015.07.02-02.07.49:372][290]LogModuleManager: Shutting down and abandoning module TextureFormatASTC (43)
[2015.07.02-02.07.49:372][290]LogModuleManager: Shutting down and abandoning module TextureFormatAndroid (42)
[2015.07.02-02.07.49:372][290]LogModuleManager: Shutting down and abandoning module AudioFormatOpus (41)
[2015.07.02-02.07.49:384][290]LogModuleManager: Shutting down and abandoning module AudioFormatOgg (40)
[2015.07.02-02.07.49:388][290]LogModuleManager: Shutting down and abandoning module AudioFormatADPCM (39)
[2015.07.02-02.07.49:388][290]LogModuleManager: Shutting down and abandoning module LinuxTargetPlatform (38)
[2015.07.02-02.07.49:388][290]LogModuleManager: Shutting down and abandoning module LinuxServerTargetPlatform (37)
[2015.07.02-02.07.49:406][290]LogModuleManager: Shutting down and abandoning module LinuxNoEditorTargetPlatform (36)
[2015.07.02-02.07.49:412][290]LogModuleManager: Shutting down and abandoning module Messaging (35)
[2015.07.02-02.07.49:413][290]LogModuleManager: Shutting down and abandoning module IOSTargetPlatform (34)
[2015.07.02-02.07.49:413][290]LogModuleManager: Shutting down and abandoning module HTML5TargetPlatform (33)
[2015.07.02-02.07.49:413][290]LogModuleManager: Shutting down and abandoning module Android_PVRTCTargetPlatform (32)
[2015.07.02-02.07.49:413][290]LogModuleManager: Shutting down and abandoning module Android_ETC2TargetPlatform (31)
[2015.07.02-02.07.49:413][290]LogModuleManager: Shutting down and abandoning module Android_ETC1TargetPlatform (30)
[2015.07.02-02.07.49:413][290]LogModuleManager: Shutting down and abandoning module Android_DXTTargetPlatform (29)
[2015.07.02-02.07.49:413][290]LogModuleManager: Shutting down and abandoning module Android_ATCTargetPlatform (28)
[2015.07.02-02.07.49:413][290]LogModuleManager: Shutting down and abandoning module Android_ASTCTargetPlatform (27)
[2015.07.02-02.07.49:413][290]LogModuleManager: Shutting down and abandoning module AndroidTargetPlatform (26)
[2015.07.02-02.07.49:413][290]LogModuleManager: Shutting down and abandoning module WindowsTargetPlatform (25)
[2015.07.02-02.07.49:413][290]LogModuleManager: Shutting down and abandoning module WindowsServerTargetPlatform (24)
[2015.07.02-02.07.49:413][290]LogModuleManager: Shutting down and abandoning module WindowsNoEditorTargetPlatform (23)
[2015.07.02-02.07.49:413][290]LogModuleManager: Shutting down and abandoning module WindowsClientTargetPlatform (22)
[2015.07.02-02.07.49:413][290]LogModuleManager: Shutting down and abandoning module DesktopTargetPlatform (21)
[2015.07.02-02.07.49:413][290]LogModuleManager: Shutting down and abandoning module TargetPlatform (20)
[2015.07.02-02.07.49:413][290]LogModuleManager: Shutting down and abandoning module InputCore (19)
[2015.07.02-02.07.49:413][290]LogModuleManager: Shutting down and abandoning module Settings (18)
[2015.07.02-02.07.49:413][290]LogModuleManager: Shutting down and abandoning module OnlineSubsystem (16)
[2015.07.02-02.07.49:413][290]LogModuleManager: Shutting down and abandoning module HTTP (15)
[2015.07.02-02.07.49:413][290]LogModuleManager: Shutting down and abandoning module ExampleDeviceProfileSelector (14)
[2015.07.02-02.07.49:413][290]LogModuleManager: Shutting down and abandoning module TextureCompressor (13)
[2015.07.02-02.07.49:413][290]LogModuleManager: Shutting down and abandoning module ShaderCore (12)
[2015.07.02-02.07.49:413][290]LogModuleManager: Shutting down and abandoning module Landscape (11)
[2015.07.02-02.07.49:413][290]LogModuleManager: Shutting down and abandoning module SlateRHIRenderer (10)
[2015.07.02-02.07.49:440][290]LogModuleManager: Shutting down and abandoning module OpenGLDrv (9)
[2015.07.02-02.07.49:468][290]LogModuleManager: Shutting down and abandoning module D3D11RHI (8)
[2015.07.02-02.07.49:468][290]LogModuleManager: Shutting down and abandoning module Renderer (7)
[2015.07.02-02.07.49:468][290]LogModuleManager: Shutting down and abandoning module Engine (6)
[2015.07.02-02.07.49:468][290]LogModuleManager: Shutting down and abandoning module CoreUObject (5)
[2015.07.02-02.07.49:468][290]LogModuleManager: Shutting down and abandoning module NetworkFile (4)
[2015.07.02-02.07.49:484][290]LogModuleManager: Shutting down and abandoning module StreamingFile (3)
[2015.07.02-02.07.49:484][290]LogModuleManager: Shutting down and abandoning module SandboxFile (2)
[2015.07.02-02.07.49:497][290]LogModuleManager: Shutting down and abandoning module PakFile (1)
[2015.07.02-02.07.49:510][290]LogExit: Exiting.
[2015.07.02-02.07.49:543][290]Log file closed, 07/01/15 22:07:49
